# Logfile created on 2014-01-15 19:48:14 -0200 by logger.rb/44203
I, [2014-01-15T19:48:14.934518 #17005]  INFO -- : 0:  i18n (0.6.9) from /usr/local/var/rbenv/versions/2.1.0/lib/ruby/gems/2.1.0/specifications/i18n-0.6.9.gemspec
I, [2014-01-15T19:48:14.935162 #17005]  INFO -- : 0:  minitest (4.7.5) from /usr/local/var/rbenv/versions/2.1.0/lib/ruby/gems/2.1.0/specifications/default/minitest-4.7.5.gemspec
I, [2014-01-15T19:48:14.935783 #17005]  INFO -- : 0:  multi_json (1.8.2) from /usr/local/var/rbenv/versions/2.1.0/lib/ruby/gems/2.1.0/specifications/multi_json-1.8.2.gemspec
I, [2014-01-15T19:48:14.936386 #17005]  INFO -- : 0:  atomic (1.1.14) from /usr/local/var/rbenv/versions/2.1.0/lib/ruby/gems/2.1.0/specifications/atomic-1.1.14.gemspec
I, [2014-01-15T19:48:14.936936 #17005]  INFO -- : 0:  thread_safe (0.1.3) from /usr/local/var/rbenv/versions/2.1.0/lib/ruby/gems/2.1.0/specifications/thread_safe-0.1.3.gemspec
I, [2014-01-15T19:48:14.937521 #17005]  INFO -- : 0:  tzinfo (0.3.38) from /usr/local/var/rbenv/versions/2.1.0/lib/ruby/gems/2.1.0/specifications/tzinfo-0.3.38.gemspec
I, [2014-01-15T19:48:14.938089 #17005]  INFO -- : 0:  activesupport (4.0.2) from /usr/local/var/rbenv/versions/2.1.0/lib/ruby/gems/2.1.0/specifications/activesupport-4.0.2.gemspec
I, [2014-01-15T19:48:14.938639 #17005]  INFO -- : 0:  mime-types (1.25.1) from /usr/local/var/rbenv/versions/2.1.0/lib/ruby/gems/2.1.0/specifications/mime-types-1.25.1.gemspec
I, [2014-01-15T19:48:14.939248 #17005]  INFO -- : 0:  mini_portile (0.5.2) from /usr/local/var/rbenv/versions/2.1.0/lib/ruby/gems/2.1.0/specifications/mini_portile-0.5.2.gemspec
I, [2014-01-15T19:48:14.939796 #17005]  INFO -- : 0:  nokogiri (1.6.0) from /usr/local/var/rbenv/versions/2.1.0/lib/ruby/gems/2.1.0/specifications/nokogiri-1.6.0.gemspec
I, [2014-01-15T19:48:14.940376 #17005]  INFO -- : 0:  rack (1.5.2) from /usr/local/var/rbenv/versions/2.1.0/lib/ruby/gems/2.1.0/specifications/rack-1.5.2.gemspec
I, [2014-01-15T19:48:14.942236 #17005]  INFO -- : 0:  rack-test (0.6.2) from /usr/local/var/rbenv/versions/2.1.0/lib/ruby/gems/2.1.0/specifications/rack-test-0.6.2.gemspec
I, [2014-01-15T19:48:14.942948 #17005]  INFO -- : 0:  xpath (2.0.0) from /usr/local/var/rbenv/versions/2.1.0/lib/ruby/gems/2.1.0/specifications/xpath-2.0.0.gemspec
I, [2014-01-15T19:48:14.943576 #17005]  INFO -- : 0:  capybara (2.2.1) from /usr/local/var/rbenv/versions/2.1.0/lib/ruby/gems/2.1.0/specifications/capybara-2.2.1.gemspec
I, [2014-01-15T19:48:14.944119 #17005]  INFO -- : 0:  ffi (1.9.3) from /usr/local/var/rbenv/versions/2.1.0/lib/ruby/gems/2.1.0/specifications/ffi-1.9.3.gemspec
I, [2014-01-15T19:48:14.944660 #17005]  INFO -- : 0:  childprocess (0.3.9) from /usr/local/var/rbenv/versions/2.1.0/lib/ruby/gems/2.1.0/specifications/childprocess-0.3.9.gemspec
I, [2014-01-15T19:48:14.945186 #17005]  INFO -- : 0:  coderay (1.0.9) from /usr/local/var/rbenv/versions/2.1.0/lib/ruby/gems/2.1.0/specifications/coderay-1.0.9.gemspec
I, [2014-01-15T19:48:14.945787 #17005]  INFO -- : 0:  method_source (0.8.2) from /usr/local/var/rbenv/versions/2.1.0/lib/ruby/gems/2.1.0/specifications/method_source-0.8.2.gemspec
I, [2014-01-15T19:48:14.946407 #17005]  INFO -- : 0:  slop (3.4.6) from /usr/local/var/rbenv/versions/2.1.0/lib/ruby/gems/2.1.0/specifications/slop-3.4.6.gemspec
I, [2014-01-15T19:48:14.947000 #17005]  INFO -- : 0:  pry (0.9.12.2) from /usr/local/var/rbenv/versions/2.1.0/lib/ruby/gems/2.1.0/specifications/pry-0.9.12.2.gemspec
I, [2014-01-15T19:48:14.947629 #17005]  INFO -- : 0:  rubyzip (1.1.0) from /usr/local/var/rbenv/versions/2.1.0/lib/ruby/gems/2.1.0/specifications/rubyzip-1.1.0.gemspec
I, [2014-01-15T19:48:14.948258 #17005]  INFO -- : 0:  websocket (1.0.7) from /usr/local/var/rbenv/versions/2.1.0/lib/ruby/gems/2.1.0/specifications/websocket-1.0.7.gemspec
I, [2014-01-15T19:48:14.948771 #17005]  INFO -- : 0:  selenium-webdriver (2.39.0) from /usr/local/var/rbenv/versions/2.1.0/lib/ruby/gems/2.1.0/specifications/selenium-webdriver-2.39.0.gemspec
I, [2014-01-15T19:48:14.949227 #17005]  INFO -- : 0:  bundler (1.5.1) from /usr/local/var/rbenv/versions/2.1.0/lib/ruby/gems/2.1.0/specifications/bundler-1.5.1.gemspec
I, [2014-01-15T19:48:28.882155 #17065]  INFO -- : 0:  i18n (0.6.9) from /usr/local/var/rbenv/versions/2.1.0/lib/ruby/gems/2.1.0/specifications/i18n-0.6.9.gemspec
I, [2014-01-15T19:48:28.882587 #17065]  INFO -- : 0:  minitest (4.7.5) from /usr/local/var/rbenv/versions/2.1.0/lib/ruby/gems/2.1.0/specifications/default/minitest-4.7.5.gemspec
I, [2014-01-15T19:48:28.883070 #17065]  INFO -- : 0:  multi_json (1.8.2) from /usr/local/var/rbenv/versions/2.1.0/lib/ruby/gems/2.1.0/specifications/multi_json-1.8.2.gemspec
I, [2014-01-15T19:48:28.883509 #17065]  INFO -- : 0:  atomic (1.1.14) from /usr/local/var/rbenv/versions/2.1.0/lib/ruby/gems/2.1.0/specifications/atomic-1.1.14.gemspec
I, [2014-01-15T19:48:28.883915 #17065]  INFO -- : 0:  thread_safe (0.1.3) from /usr/local/var/rbenv/versions/2.1.0/lib/ruby/gems/2.1.0/specifications/thread_safe-0.1.3.gemspec
I, [2014-01-15T19:48:28.884340 #17065]  INFO -- : 0:  tzinfo (0.3.38) from /usr/local/var/rbenv/versions/2.1.0/lib/ruby/gems/2.1.0/specifications/tzinfo-0.3.38.gemspec
I, [2014-01-15T19:48:28.884781 #17065]  INFO -- : 0:  activesupport (4.0.2) from /usr/local/var/rbenv/versions/2.1.0/lib/ruby/gems/2.1.0/specifications/activesupport-4.0.2.gemspec
I, [2014-01-15T19:48:28.885218 #17065]  INFO -- : 0:  mime-types (1.25.1) from /usr/local/var/rbenv/versions/2.1.0/lib/ruby/gems/2.1.0/specifications/mime-types-1.25.1.gemspec
I, [2014-01-15T19:48:28.885685 #17065]  INFO -- : 0:  mini_portile (0.5.2) from /usr/local/var/rbenv/versions/2.1.0/lib/ruby/gems/2.1.0/specifications/mini_portile-0.5.2.gemspec
I, [2014-01-15T19:48:28.886092 #17065]  INFO -- : 0:  nokogiri (1.6.0) from /usr/local/var/rbenv/versions/2.1.0/lib/ruby/gems/2.1.0/specifications/nokogiri-1.6.0.gemspec
I, [2014-01-15T19:48:28.887946 #17065]  INFO -- : 0:  rack (1.5.2) from /usr/local/var/rbenv/versions/2.1.0/lib/ruby/gems/2.1.0/specifications/rack-1.5.2.gemspec
I, [2014-01-15T19:48:28.888550 #17065]  INFO -- : 0:  rack-test (0.6.2) from /usr/local/var/rbenv/versions/2.1.0/lib/ruby/gems/2.1.0/specifications/rack-test-0.6.2.gemspec
I, [2014-01-15T19:48:28.889047 #17065]  INFO -- : 0:  xpath (2.0.0) from /usr/local/var/rbenv/versions/2.1.0/lib/ruby/gems/2.1.0/specifications/xpath-2.0.0.gemspec
I, [2014-01-15T19:48:28.889539 #17065]  INFO -- : 0:  capybara (2.2.1) from /usr/local/var/rbenv/versions/2.1.0/lib/ruby/gems/2.1.0/specifications/capybara-2.2.1.gemspec
I, [2014-01-15T19:48:28.889988 #17065]  INFO -- : 0:  ffi (1.9.3) from /usr/local/var/rbenv/versions/2.1.0/lib/ruby/gems/2.1.0/specifications/ffi-1.9.3.gemspec
I, [2014-01-15T19:48:28.890438 #17065]  INFO -- : 0:  childprocess (0.3.9) from /usr/local/var/rbenv/versions/2.1.0/lib/ruby/gems/2.1.0/specifications/childprocess-0.3.9.gemspec
I, [2014-01-15T19:48:28.890873 #17065]  INFO -- : 0:  coderay (1.0.9) from /usr/local/var/rbenv/versions/2.1.0/lib/ruby/gems/2.1.0/specifications/coderay-1.0.9.gemspec
I, [2014-01-15T19:48:28.891338 #17065]  INFO -- : 0:  method_source (0.8.2) from /usr/local/var/rbenv/versions/2.1.0/lib/ruby/gems/2.1.0/specifications/method_source-0.8.2.gemspec
I, [2014-01-15T19:48:28.891788 #17065]  INFO -- : 0:  slop (3.4.6) from /usr/local/var/rbenv/versions/2.1.0/lib/ruby/gems/2.1.0/specifications/slop-3.4.6.gemspec
I, [2014-01-15T19:48:28.892215 #17065]  INFO -- : 0:  pry (0.9.12.2) from /usr/local/var/rbenv/versions/2.1.0/lib/ruby/gems/2.1.0/specifications/pry-0.9.12.2.gemspec
I, [2014-01-15T19:48:28.892655 #17065]  INFO -- : 0:  rubyzip (1.1.0) from /usr/local/var/rbenv/versions/2.1.0/lib/ruby/gems/2.1.0/specifications/rubyzip-1.1.0.gemspec
I, [2014-01-15T19:48:28.893105 #17065]  INFO -- : 0:  websocket (1.0.7) from /usr/local/var/rbenv/versions/2.1.0/lib/ruby/gems/2.1.0/specifications/websocket-1.0.7.gemspec
I, [2014-01-15T19:48:28.893535 #17065]  INFO -- : 0:  selenium-webdriver (2.39.0) from /usr/local/var/rbenv/versions/2.1.0/lib/ruby/gems/2.1.0/specifications/selenium-webdriver-2.39.0.gemspec
I, [2014-01-15T19:48:28.893946 #17065]  INFO -- : 0:  bundler (1.5.1) from /usr/local/var/rbenv/versions/2.1.0/lib/ruby/gems/2.1.0/specifications/bundler-1.5.1.gemspec
I, [2014-01-16T00:08:17.418214 #30071]  INFO -- : 0:  i18n (0.6.9) from /usr/local/var/rbenv/versions/2.1.0/lib/ruby/gems/2.1.0/specifications/i18n-0.6.9.gemspec
I, [2014-01-16T00:08:17.419153 #30071]  INFO -- : 0:  minitest (4.7.5) from /usr/local/var/rbenv/versions/2.1.0/lib/ruby/gems/2.1.0/specifications/default/minitest-4.7.5.gemspec
I, [2014-01-16T00:08:17.419641 #30071]  INFO -- : 0:  multi_json (1.8.2) from /usr/local/var/rbenv/versions/2.1.0/lib/ruby/gems/2.1.0/specifications/multi_json-1.8.2.gemspec
I, [2014-01-16T00:08:17.420077 #30071]  INFO -- : 0:  atomic (1.1.14) from /usr/local/var/rbenv/versions/2.1.0/lib/ruby/gems/2.1.0/specifications/atomic-1.1.14.gemspec
I, [2014-01-16T00:08:17.420446 #30071]  INFO -- : 0:  thread_safe (0.1.3) from /usr/local/var/rbenv/versions/2.1.0/lib/ruby/gems/2.1.0/specifications/thread_safe-0.1.3.gemspec
I, [2014-01-16T00:08:17.420831 #30071]  INFO -- : 0:  tzinfo (0.3.38) from /usr/local/var/rbenv/versions/2.1.0/lib/ruby/gems/2.1.0/specifications/tzinfo-0.3.38.gemspec
I, [2014-01-16T00:08:17.421193 #30071]  INFO -- : 0:  activesupport (4.0.2) from /usr/local/var/rbenv/versions/2.1.0/lib/ruby/gems/2.1.0/specifications/activesupport-4.0.2.gemspec
I, [2014-01-16T00:08:17.421616 #30071]  INFO -- : 0:  mime-types (1.25.1) from /usr/local/var/rbenv/versions/2.1.0/lib/ruby/gems/2.1.0/specifications/mime-types-1.25.1.gemspec
I, [2014-01-16T00:08:17.422022 #30071]  INFO -- : 0:  mini_portile (0.5.2) from /usr/local/var/rbenv/versions/2.1.0/lib/ruby/gems/2.1.0/specifications/mini_portile-0.5.2.gemspec
I, [2014-01-16T00:08:17.422405 #30071]  INFO -- : 0:  nokogiri (1.6.0) from /usr/local/var/rbenv/versions/2.1.0/lib/ruby/gems/2.1.0/specifications/nokogiri-1.6.0.gemspec
I, [2014-01-16T00:08:17.422829 #30071]  INFO -- : 0:  rack (1.5.2) from /usr/local/var/rbenv/versions/2.1.0/lib/ruby/gems/2.1.0/specifications/rack-1.5.2.gemspec
I, [2014-01-16T00:08:17.423196 #30071]  INFO -- : 0:  rack-test (0.6.2) from /usr/local/var/rbenv/versions/2.1.0/lib/ruby/gems/2.1.0/specifications/rack-test-0.6.2.gemspec
I, [2014-01-16T00:08:17.423546 #30071]  INFO -- : 0:  xpath (2.0.0) from /usr/local/var/rbenv/versions/2.1.0/lib/ruby/gems/2.1.0/specifications/xpath-2.0.0.gemspec
I, [2014-01-16T00:08:17.423940 #30071]  INFO -- : 0:  capybara (2.2.1) from /usr/local/var/rbenv/versions/2.1.0/lib/ruby/gems/2.1.0/specifications/capybara-2.2.1.gemspec
I, [2014-01-16T00:08:17.424423 #30071]  INFO -- : 0:  coderay (1.0.9) from /usr/local/var/rbenv/versions/2.1.0/lib/ruby/gems/2.1.0/specifications/coderay-1.0.9.gemspec
I, [2014-01-16T00:08:17.424981 #30071]  INFO -- : 0:  method_source (0.8.2) from /usr/local/var/rbenv/versions/2.1.0/lib/ruby/gems/2.1.0/specifications/method_source-0.8.2.gemspec
I, [2014-01-16T00:08:20.019445 #30071]  INFO -- : 0:  phantomjs (1.9.2.1) from /usr/local/var/rbenv/versions/2.1.0/lib/ruby/gems/2.1.0/specifications/phantomjs-1.9.2.1.gemspec
I, [2014-01-16T00:08:20.020094 #30071]  INFO -- : 0:  slop (3.4.6) from /usr/local/var/rbenv/versions/2.1.0/lib/ruby/gems/2.1.0/specifications/slop-3.4.6.gemspec
I, [2014-01-16T00:08:20.020500 #30071]  INFO -- : 0:  pry (0.9.12.2) from /usr/local/var/rbenv/versions/2.1.0/lib/ruby/gems/2.1.0/specifications/pry-0.9.12.2.gemspec
I, [2014-01-16T00:08:20.020859 #30071]  INFO -- : 0:  bundler (1.5.1) from /usr/local/var/rbenv/versions/2.1.0/lib/ruby/gems/2.1.0/specifications/bundler-1.5.1.gemspec
I, [2014-01-16T00:09:21.013708 #30307]  INFO -- : 0:  i18n (0.6.9) from /usr/local/var/rbenv/versions/2.1.0/lib/ruby/gems/2.1.0/specifications/i18n-0.6.9.gemspec
I, [2014-01-16T00:09:21.014287 #30307]  INFO -- : 0:  minitest (4.7.5) from /usr/local/var/rbenv/versions/2.1.0/lib/ruby/gems/2.1.0/specifications/default/minitest-4.7.5.gemspec
I, [2014-01-16T00:09:21.014783 #30307]  INFO -- : 0:  multi_json (1.8.2) from /usr/local/var/rbenv/versions/2.1.0/lib/ruby/gems/2.1.0/specifications/multi_json-1.8.2.gemspec
I, [2014-01-16T00:09:21.015259 #30307]  INFO -- : 0:  atomic (1.1.14) from /usr/local/var/rbenv/versions/2.1.0/lib/ruby/gems/2.1.0/specifications/atomic-1.1.14.gemspec
I, [2014-01-16T00:09:21.015783 #30307]  INFO -- : 0:  thread_safe (0.1.3) from /usr/local/var/rbenv/versions/2.1.0/lib/ruby/gems/2.1.0/specifications/thread_safe-0.1.3.gemspec
I, [2014-01-16T00:09:21.016337 #30307]  INFO -- : 0:  tzinfo (0.3.38) from /usr/local/var/rbenv/versions/2.1.0/lib/ruby/gems/2.1.0/specifications/tzinfo-0.3.38.gemspec
I, [2014-01-16T00:09:21.016818 #30307]  INFO -- : 0:  activesupport (4.0.2) from /usr/local/var/rbenv/versions/2.1.0/lib/ruby/gems/2.1.0/specifications/activesupport-4.0.2.gemspec
I, [2014-01-16T00:09:21.017245 #30307]  INFO -- : 0:  mime-types (1.25.1) from /usr/local/var/rbenv/versions/2.1.0/lib/ruby/gems/2.1.0/specifications/mime-types-1.25.1.gemspec
I, [2014-01-16T00:09:21.017695 #30307]  INFO -- : 0:  mini_portile (0.5.2) from /usr/local/var/rbenv/versions/2.1.0/lib/ruby/gems/2.1.0/specifications/mini_portile-0.5.2.gemspec
I, [2014-01-16T00:09:21.018153 #30307]  INFO -- : 0:  nokogiri (1.6.0) from /usr/local/var/rbenv/versions/2.1.0/lib/ruby/gems/2.1.0/specifications/nokogiri-1.6.0.gemspec
I, [2014-01-16T00:09:21.018600 #30307]  INFO -- : 0:  rack (1.5.2) from /usr/local/var/rbenv/versions/2.1.0/lib/ruby/gems/2.1.0/specifications/rack-1.5.2.gemspec
I, [2014-01-16T00:09:21.019054 #30307]  INFO -- : 0:  rack-test (0.6.2) from /usr/local/var/rbenv/versions/2.1.0/lib/ruby/gems/2.1.0/specifications/rack-test-0.6.2.gemspec
I, [2014-01-16T00:09:21.019496 #30307]  INFO -- : 0:  xpath (2.0.0) from /usr/local/var/rbenv/versions/2.1.0/lib/ruby/gems/2.1.0/specifications/xpath-2.0.0.gemspec
I, [2014-01-16T00:09:21.019950 #30307]  INFO -- : 0:  capybara (2.2.1) from /usr/local/var/rbenv/versions/2.1.0/lib/ruby/gems/2.1.0/specifications/capybara-2.2.1.gemspec
I, [2014-01-16T00:09:23.378228 #30307]  INFO -- : 0:  cliver (0.3.2) from /usr/local/var/rbenv/versions/2.1.0/lib/ruby/gems/2.1.0/specifications/cliver-0.3.2.gemspec
I, [2014-01-16T00:09:23.378826 #30307]  INFO -- : 0:  coderay (1.0.9) from /usr/local/var/rbenv/versions/2.1.0/lib/ruby/gems/2.1.0/specifications/coderay-1.0.9.gemspec
I, [2014-01-16T00:09:23.379298 #30307]  INFO -- : 0:  method_source (0.8.2) from /usr/local/var/rbenv/versions/2.1.0/lib/ruby/gems/2.1.0/specifications/method_source-0.8.2.gemspec
I, [2014-01-16T00:09:26.430942 #30307]  INFO -- : 0:  websocket-driver (0.3.2) from /usr/local/var/rbenv/versions/2.1.0/lib/ruby/gems/2.1.0/specifications/websocket-driver-0.3.2.gemspec
I, [2014-01-16T00:09:30.361717 #30307]  INFO -- : 0:  poltergeist (1.5.0) from /usr/local/var/rbenv/versions/2.1.0/lib/ruby/gems/2.1.0/specifications/poltergeist-1.5.0.gemspec
I, [2014-01-16T00:09:30.362422 #30307]  INFO -- : 0:  slop (3.4.6) from /usr/local/var/rbenv/versions/2.1.0/lib/ruby/gems/2.1.0/specifications/slop-3.4.6.gemspec
I, [2014-01-16T00:09:30.363374 #30307]  INFO -- : 0:  pry (0.9.12.2) from /usr/local/var/rbenv/versions/2.1.0/lib/ruby/gems/2.1.0/specifications/pry-0.9.12.2.gemspec
I, [2014-01-16T00:09:30.363738 #30307]  INFO -- : 0:  bundler (1.5.1) from /usr/local/var/rbenv/versions/2.1.0/lib/ruby/gems/2.1.0/specifications/bundler-1.5.1.gemspec
I, [2014-01-16T00:17:30.747895 #32057]  INFO -- : 0:  i18n (0.6.9) from /usr/local/var/rbenv/versions/2.1.0/lib/ruby/gems/2.1.0/specifications/i18n-0.6.9.gemspec
I, [2014-01-16T00:17:30.748496 #32057]  INFO -- : 0:  minitest (4.7.5) from /usr/local/var/rbenv/versions/2.1.0/lib/ruby/gems/2.1.0/specifications/default/minitest-4.7.5.gemspec
I, [2014-01-16T00:17:30.749007 #32057]  INFO -- : 0:  multi_json (1.8.2) from /usr/local/var/rbenv/versions/2.1.0/lib/ruby/gems/2.1.0/specifications/multi_json-1.8.2.gemspec
I, [2014-01-16T00:17:30.749460 #32057]  INFO -- : 0:  atomic (1.1.14) from /usr/local/var/rbenv/versions/2.1.0/lib/ruby/gems/2.1.0/specifications/atomic-1.1.14.gemspec
I, [2014-01-16T00:17:30.749823 #32057]  INFO -- : 0:  thread_safe (0.1.3) from /usr/local/var/rbenv/versions/2.1.0/lib/ruby/gems/2.1.0/specifications/thread_safe-0.1.3.gemspec
I, [2014-01-16T00:17:30.750210 #32057]  INFO -- : 0:  tzinfo (0.3.38) from /usr/local/var/rbenv/versions/2.1.0/lib/ruby/gems/2.1.0/specifications/tzinfo-0.3.38.gemspec
I, [2014-01-16T00:17:30.750518 #32057]  INFO -- : 0:  activesupport (4.0.2) from /usr/local/var/rbenv/versions/2.1.0/lib/ruby/gems/2.1.0/specifications/activesupport-4.0.2.gemspec
I, [2014-01-16T00:17:30.750820 #32057]  INFO -- : 0:  mime-types (1.25.1) from /usr/local/var/rbenv/versions/2.1.0/lib/ruby/gems/2.1.0/specifications/mime-types-1.25.1.gemspec
I, [2014-01-16T00:17:30.751124 #32057]  INFO -- : 0:  mini_portile (0.5.2) from /usr/local/var/rbenv/versions/2.1.0/lib/ruby/gems/2.1.0/specifications/mini_portile-0.5.2.gemspec
I, [2014-01-16T00:17:30.751432 #32057]  INFO -- : 0:  nokogiri (1.6.0) from /usr/local/var/rbenv/versions/2.1.0/lib/ruby/gems/2.1.0/specifications/nokogiri-1.6.0.gemspec
I, [2014-01-16T00:17:30.751706 #32057]  INFO -- : 0:  rack (1.5.2) from /usr/local/var/rbenv/versions/2.1.0/lib/ruby/gems/2.1.0/specifications/rack-1.5.2.gemspec
I, [2014-01-16T00:17:30.751986 #32057]  INFO -- : 0:  rack-test (0.6.2) from /usr/local/var/rbenv/versions/2.1.0/lib/ruby/gems/2.1.0/specifications/rack-test-0.6.2.gemspec
I, [2014-01-16T00:17:30.752292 #32057]  INFO -- : 0:  xpath (2.0.0) from /usr/local/var/rbenv/versions/2.1.0/lib/ruby/gems/2.1.0/specifications/xpath-2.0.0.gemspec
I, [2014-01-16T00:17:30.752602 #32057]  INFO -- : 0:  capybara (2.2.1) from /usr/local/var/rbenv/versions/2.1.0/lib/ruby/gems/2.1.0/specifications/capybara-2.2.1.gemspec
I, [2014-01-16T00:17:30.753121 #32057]  INFO -- : 0:  ffi (1.9.3) from /usr/local/var/rbenv/versions/2.1.0/lib/ruby/gems/2.1.0/specifications/ffi-1.9.3.gemspec
I, [2014-01-16T00:17:30.753543 #32057]  INFO -- : 0:  childprocess (0.3.9) from /usr/local/var/rbenv/versions/2.1.0/lib/ruby/gems/2.1.0/specifications/childprocess-0.3.9.gemspec
I, [2014-01-16T00:17:30.753906 #32057]  INFO -- : 0:  coderay (1.0.9) from /usr/local/var/rbenv/versions/2.1.0/lib/ruby/gems/2.1.0/specifications/coderay-1.0.9.gemspec
I, [2014-01-16T00:17:30.754269 #32057]  INFO -- : 0:  method_source (0.8.2) from /usr/local/var/rbenv/versions/2.1.0/lib/ruby/gems/2.1.0/specifications/method_source-0.8.2.gemspec
I, [2014-01-16T00:17:30.754633 #32057]  INFO -- : 0:  slop (3.4.6) from /usr/local/var/rbenv/versions/2.1.0/lib/ruby/gems/2.1.0/specifications/slop-3.4.6.gemspec
I, [2014-01-16T00:17:30.754994 #32057]  INFO -- : 0:  pry (0.9.12.2) from /usr/local/var/rbenv/versions/2.1.0/lib/ruby/gems/2.1.0/specifications/pry-0.9.12.2.gemspec
I, [2014-01-16T00:17:30.755401 #32057]  INFO -- : 0:  rubyzip (1.1.0) from /usr/local/var/rbenv/versions/2.1.0/lib/ruby/gems/2.1.0/specifications/rubyzip-1.1.0.gemspec
I, [2014-01-16T00:17:30.755950 #32057]  INFO -- : 0:  websocket (1.0.7) from /usr/local/var/rbenv/versions/2.1.0/lib/ruby/gems/2.1.0/specifications/websocket-1.0.7.gemspec
I, [2014-01-16T00:17:30.756505 #32057]  INFO -- : 0:  selenium-webdriver (2.39.0) from /usr/local/var/rbenv/versions/2.1.0/lib/ruby/gems/2.1.0/specifications/selenium-webdriver-2.39.0.gemspec
I, [2014-01-16T00:17:30.756842 #32057]  INFO -- : 0:  bundler (1.5.1) from /usr/local/var/rbenv/versions/2.1.0/lib/ruby/gems/2.1.0/specifications/bundler-1.5.1.gemspec
I, [2014-01-21T23:43:41.599795 #43386]  INFO -- : 0:  i18n (0.6.9) from /usr/local/var/rbenv/versions/2.1.0/lib/ruby/gems/2.1.0/specifications/i18n-0.6.9.gemspec
I, [2014-01-21T23:43:41.601123 #43386]  INFO -- : 0:  minitest (4.7.5) from /usr/local/var/rbenv/versions/2.1.0/lib/ruby/gems/2.1.0/specifications/default/minitest-4.7.5.gemspec
I, [2014-01-21T23:43:41.601448 #43386]  INFO -- : 0:  multi_json (1.8.2) from /usr/local/var/rbenv/versions/2.1.0/lib/ruby/gems/2.1.0/specifications/multi_json-1.8.2.gemspec
I, [2014-01-21T23:43:41.601734 #43386]  INFO -- : 0:  atomic (1.1.14) from /usr/local/var/rbenv/versions/2.1.0/lib/ruby/gems/2.1.0/specifications/atomic-1.1.14.gemspec
I, [2014-01-21T23:43:41.602015 #43386]  INFO -- : 0:  thread_safe (0.1.3) from /usr/local/var/rbenv/versions/2.1.0/lib/ruby/gems/2.1.0/specifications/thread_safe-0.1.3.gemspec
I, [2014-01-21T23:43:41.602297 #43386]  INFO -- : 0:  tzinfo (0.3.38) from /usr/local/var/rbenv/versions/2.1.0/lib/ruby/gems/2.1.0/specifications/tzinfo-0.3.38.gemspec
I, [2014-01-21T23:43:41.602665 #43386]  INFO -- : 0:  activesupport (4.0.2) from /usr/local/var/rbenv/versions/2.1.0/lib/ruby/gems/2.1.0/specifications/activesupport-4.0.2.gemspec
E, [2014-01-21T23:43:44.668396 #43386] ERROR -- : Gem::Ext::BuildError: ERROR: Failed to build gem native extension.

    /usr/local/var/rbenv/versions/2.1.0/bin/ruby extconf.rb 
checking for mpg123.h... no
*** extconf.rb failed ***
Could not create Makefile due to some reason, probably lack of necessary
libraries and/or headers.  Check the mkmf.log file for more details.  You may
need configuration options.

Provided configuration options:
	--with-opt-dir
	--without-opt-dir
	--with-opt-include
	--without-opt-include=${opt-dir}/include
	--with-opt-lib
	--without-opt-lib=${opt-dir}/lib
	--with-make-prog
	--without-make-prog
	--srcdir=.
	--curdir
	--ruby=/usr/local/var/rbenv/versions/2.1.0/bin/ruby
please install mpg123 headers

extconf failed, exit code 1

Gem files will remain installed in /usr/local/var/rbenv/versions/2.1.0/lib/ruby/gems/2.1.0/gems/audite-0.3.0 for inspection.
Results logged to /usr/local/var/rbenv/versions/2.1.0/lib/ruby/gems/2.1.0/extensions/x86_64-darwin-13/2.1.0-static/audite-0.3.0/gem_make.out

/usr/local/var/rbenv/versions/2.1.0/lib/ruby/2.1.0/rubygems/ext/builder.rb:89:in `run'  \n/usr/local/var/rbenv/versions/2.1.0/lib/ruby/2.1.0/rubygems/ext/ext_conf_builder.rb:37:in `block in build'  \n/usr/local/var/rbenv/versions/2.1.0/lib/ruby/2.1.0/tempfile.rb:324:in `open'  \n/usr/local/var/rbenv/versions/2.1.0/lib/ruby/2.1.0/rubygems/ext/ext_conf_builder.rb:17:in `build'  \n/usr/local/var/rbenv/versions/2.1.0/lib/ruby/2.1.0/rubygems/ext/builder.rb:161:in `block (2 levels) in build_extension'  \n/usr/local/var/rbenv/versions/2.1.0/lib/ruby/2.1.0/rubygems/ext/builder.rb:160:in `chdir'  \n/usr/local/var/rbenv/versions/2.1.0/lib/ruby/2.1.0/rubygems/ext/builder.rb:160:in `block in build_extension'  \n/usr/local/var/rbenv/versions/2.1.0/lib/ruby/2.1.0/rubygems/ext/builder.rb:159:in `synchronize'  \n/usr/local/var/rbenv/versions/2.1.0/lib/ruby/2.1.0/rubygems/ext/builder.rb:159:in `build_extension'  \n/usr/local/var/rbenv/versions/2.1.0/lib/ruby/2.1.0/rubygems/ext/builder.rb:198:in `block in build_extensions'  \n/usr/local/var/rbenv/versions/2.1.0/lib/ruby/2.1.0/rubygems/ext/builder.rb:195:in `each'  \n/usr/local/var/rbenv/versions/2.1.0/lib/ruby/2.1.0/rubygems/ext/builder.rb:195:in `build_extensions'  \n/usr/local/var/rbenv/versions/2.1.0/lib/ruby/2.1.0/rubygems/installer.rb:677:in `build_extensions'  \n/usr/local/var/rbenv/versions/2.1.0/lib/ruby/2.1.0/rubygems/installer.rb:232:in `install'  \n/usr/local/var/rbenv/versions/2.1.0/lib/ruby/gems/2.1.0/gems/bundler-1.5.1/lib/bundler/source/rubygems.rb:101:in `block in install'  \n/usr/local/var/rbenv/versions/2.1.0/lib/ruby/gems/2.1.0/gems/bundler-1.5.1/lib/bundler/rubygems_integration.rb:118:in `preserve_paths'  \n/usr/local/var/rbenv/versions/2.1.0/lib/ruby/gems/2.1.0/gems/bundler-1.5.1/lib/bundler/source/rubygems.rb:94:in `install'  \n/usr/local/var/rbenv/versions/2.1.0/lib/ruby/gems/2.1.0/gems/bundler-1.5.1/lib/bundler/installer.rb:111:in `block in install_gem_from_spec'  \n/usr/local/var/rbenv/versions/2.1.0/lib/ruby/gems/2.1.0/gems/bundler-1.5.1/lib/bundler/rubygems_integration.rb:150:in `with_build_args'  \n/usr/local/var/rbenv/versions/2.1.0/lib/ruby/gems/2.1.0/gems/bundler-1.5.1/lib/bundler/installer.rb:110:in `install_gem_from_spec'  \n/usr/local/var/rbenv/versions/2.1.0/lib/ruby/gems/2.1.0/gems/bundler-1.5.1/lib/bundler/installer.rb:295:in `block in install_sequentially'  \n/usr/local/var/rbenv/versions/2.1.0/lib/ruby/2.1.0/forwardable.rb:183:in `each'  \n/usr/local/var/rbenv/versions/2.1.0/lib/ruby/2.1.0/forwardable.rb:183:in `each'  \n/usr/local/var/rbenv/versions/2.1.0/lib/ruby/gems/2.1.0/gems/bundler-1.5.1/lib/bundler/installer.rb:294:in `install_sequentially'  \n/usr/local/var/rbenv/versions/2.1.0/lib/ruby/gems/2.1.0/gems/bundler-1.5.1/lib/bundler/installer.rb:97:in `run'  \n/usr/local/var/rbenv/versions/2.1.0/lib/ruby/gems/2.1.0/gems/bundler-1.5.1/lib/bundler/installer.rb:15:in `install'  \n/usr/local/var/rbenv/versions/2.1.0/lib/ruby/gems/2.1.0/gems/bundler-1.5.1/lib/bundler/cli.rb:257:in `install'  \n/usr/local/var/rbenv/versions/2.1.0/lib/ruby/gems/2.1.0/gems/bundler-1.5.1/lib/bundler/vendor/thor/command.rb:27:in `run'  \n/usr/local/var/rbenv/versions/2.1.0/lib/ruby/gems/2.1.0/gems/bundler-1.5.1/lib/bundler/vendor/thor/invocation.rb:120:in `invoke_command'  \n/usr/local/var/rbenv/versions/2.1.0/lib/ruby/gems/2.1.0/gems/bundler-1.5.1/lib/bundler/vendor/thor.rb:363:in `dispatch'  \n/usr/local/var/rbenv/versions/2.1.0/lib/ruby/gems/2.1.0/gems/bundler-1.5.1/lib/bundler/vendor/thor/base.rb:438:in `start'  \n/usr/local/var/rbenv/versions/2.1.0/lib/ruby/gems/2.1.0/gems/bundler-1.5.1/lib/bundler/cli.rb:10:in `start'  \n/usr/local/var/rbenv/versions/2.1.0/lib/ruby/gems/2.1.0/gems/bundler-1.5.1/bin/bundle:22:in `block in <top (required)>'  \n/usr/local/var/rbenv/versions/2.1.0/lib/ruby/gems/2.1.0/gems/bundler-1.5.1/lib/bundler/friendly_errors.rb:5:in `with_friendly_errors'  \n/usr/local/var/rbenv/versions/2.1.0/lib/ruby/gems/2.1.0/gems/bundler-1.5.1/bin/bundle:22:in `<top (required)>'  \n/usr/local/var/rbenv/versions/2.1.0/bin/bundle:23:in `load'  \n/usr/local/var/rbenv/versions/2.1.0/bin/bundle:23:in `<main>'
I, [2014-01-21T23:46:58.750790 #51443]  INFO -- : 0:  i18n (0.6.9) from /usr/local/var/rbenv/versions/2.1.0/lib/ruby/gems/2.1.0/specifications/i18n-0.6.9.gemspec
I, [2014-01-21T23:46:58.751187 #51443]  INFO -- : 0:  minitest (4.7.5) from /usr/local/var/rbenv/versions/2.1.0/lib/ruby/gems/2.1.0/specifications/default/minitest-4.7.5.gemspec
I, [2014-01-21T23:46:58.751508 #51443]  INFO -- : 0:  multi_json (1.8.2) from /usr/local/var/rbenv/versions/2.1.0/lib/ruby/gems/2.1.0/specifications/multi_json-1.8.2.gemspec
I, [2014-01-21T23:46:58.751783 #51443]  INFO -- : 0:  atomic (1.1.14) from /usr/local/var/rbenv/versions/2.1.0/lib/ruby/gems/2.1.0/specifications/atomic-1.1.14.gemspec
I, [2014-01-21T23:46:58.752061 #51443]  INFO -- : 0:  thread_safe (0.1.3) from /usr/local/var/rbenv/versions/2.1.0/lib/ruby/gems/2.1.0/specifications/thread_safe-0.1.3.gemspec
I, [2014-01-21T23:46:58.752321 #51443]  INFO -- : 0:  tzinfo (0.3.38) from /usr/local/var/rbenv/versions/2.1.0/lib/ruby/gems/2.1.0/specifications/tzinfo-0.3.38.gemspec
I, [2014-01-21T23:46:58.752596 #51443]  INFO -- : 0:  activesupport (4.0.2) from /usr/local/var/rbenv/versions/2.1.0/lib/ruby/gems/2.1.0/specifications/activesupport-4.0.2.gemspec
I, [2014-01-21T23:46:59.769523 #51443]  INFO -- : 0:  audite (0.3.0) from /usr/local/var/rbenv/versions/2.1.0/lib/ruby/gems/2.1.0/specifications/audite-0.3.0.gemspec
I, [2014-01-21T23:46:59.770216 #51443]  INFO -- : 0:  mime-types (1.25.1) from /usr/local/var/rbenv/versions/2.1.0/lib/ruby/gems/2.1.0/specifications/mime-types-1.25.1.gemspec
I, [2014-01-21T23:46:59.770768 #51443]  INFO -- : 0:  mini_portile (0.5.2) from /usr/local/var/rbenv/versions/2.1.0/lib/ruby/gems/2.1.0/specifications/mini_portile-0.5.2.gemspec
I, [2014-01-21T23:46:59.771266 #51443]  INFO -- : 0:  nokogiri (1.6.0) from /usr/local/var/rbenv/versions/2.1.0/lib/ruby/gems/2.1.0/specifications/nokogiri-1.6.0.gemspec
I, [2014-01-21T23:46:59.771641 #51443]  INFO -- : 0:  rack (1.5.2) from /usr/local/var/rbenv/versions/2.1.0/lib/ruby/gems/2.1.0/specifications/rack-1.5.2.gemspec
I, [2014-01-21T23:46:59.772069 #51443]  INFO -- : 0:  rack-test (0.6.2) from /usr/local/var/rbenv/versions/2.1.0/lib/ruby/gems/2.1.0/specifications/rack-test-0.6.2.gemspec
I, [2014-01-21T23:46:59.772440 #51443]  INFO -- : 0:  xpath (2.0.0) from /usr/local/var/rbenv/versions/2.1.0/lib/ruby/gems/2.1.0/specifications/xpath-2.0.0.gemspec
I, [2014-01-21T23:46:59.772778 #51443]  INFO -- : 0:  capybara (2.2.1) from /usr/local/var/rbenv/versions/2.1.0/lib/ruby/gems/2.1.0/specifications/capybara-2.2.1.gemspec
I, [2014-01-21T23:46:59.773122 #51443]  INFO -- : 0:  cliver (0.3.2) from /usr/local/var/rbenv/versions/2.1.0/lib/ruby/gems/2.1.0/specifications/cliver-0.3.2.gemspec
I, [2014-01-21T23:46:59.773462 #51443]  INFO -- : 0:  coderay (1.0.9) from /usr/local/var/rbenv/versions/2.1.0/lib/ruby/gems/2.1.0/specifications/coderay-1.0.9.gemspec
I, [2014-01-21T23:46:59.773782 #51443]  INFO -- : 0:  method_source (0.8.2) from /usr/local/var/rbenv/versions/2.1.0/lib/ruby/gems/2.1.0/specifications/method_source-0.8.2.gemspec
I, [2014-01-21T23:46:59.774086 #51443]  INFO -- : 0:  websocket-driver (0.3.2) from /usr/local/var/rbenv/versions/2.1.0/lib/ruby/gems/2.1.0/specifications/websocket-driver-0.3.2.gemspec
I, [2014-01-21T23:46:59.774429 #51443]  INFO -- : 0:  poltergeist (1.5.0) from /usr/local/var/rbenv/versions/2.1.0/lib/ruby/gems/2.1.0/specifications/poltergeist-1.5.0.gemspec
I, [2014-01-21T23:46:59.774737 #51443]  INFO -- : 0:  slop (3.4.6) from /usr/local/var/rbenv/versions/2.1.0/lib/ruby/gems/2.1.0/specifications/slop-3.4.6.gemspec
I, [2014-01-21T23:46:59.775033 #51443]  INFO -- : 0:  pry (0.9.12.2) from /usr/local/var/rbenv/versions/2.1.0/lib/ruby/gems/2.1.0/specifications/pry-0.9.12.2.gemspec
I, [2014-01-21T23:46:59.775321 #51443]  INFO -- : 0:  bundler (1.5.1) from /usr/local/var/rbenv/versions/2.1.0/lib/ruby/gems/2.1.0/specifications/bundler-1.5.1.gemspec
I, [2014-01-22T00:00:12.955966 #54179]  INFO -- : 0:  i18n (0.6.9) from /usr/local/var/rbenv/versions/2.1.0/lib/ruby/gems/2.1.0/specifications/i18n-0.6.9.gemspec
I, [2014-01-22T00:00:12.956336 #54179]  INFO -- : 0:  minitest (4.7.5) from /usr/local/var/rbenv/versions/2.1.0/lib/ruby/gems/2.1.0/specifications/default/minitest-4.7.5.gemspec
I, [2014-01-22T00:00:12.956647 #54179]  INFO -- : 0:  multi_json (1.8.2) from /usr/local/var/rbenv/versions/2.1.0/lib/ruby/gems/2.1.0/specifications/multi_json-1.8.2.gemspec
I, [2014-01-22T00:00:12.956934 #54179]  INFO -- : 0:  atomic (1.1.14) from /usr/local/var/rbenv/versions/2.1.0/lib/ruby/gems/2.1.0/specifications/atomic-1.1.14.gemspec
I, [2014-01-22T00:00:12.957223 #54179]  INFO -- : 0:  thread_safe (0.1.3) from /usr/local/var/rbenv/versions/2.1.0/lib/ruby/gems/2.1.0/specifications/thread_safe-0.1.3.gemspec
I, [2014-01-22T00:00:12.957489 #54179]  INFO -- : 0:  tzinfo (0.3.38) from /usr/local/var/rbenv/versions/2.1.0/lib/ruby/gems/2.1.0/specifications/tzinfo-0.3.38.gemspec
I, [2014-01-22T00:00:12.957762 #54179]  INFO -- : 0:  activesupport (4.0.2) from /usr/local/var/rbenv/versions/2.1.0/lib/ruby/gems/2.1.0/specifications/activesupport-4.0.2.gemspec
I, [2014-01-22T00:00:12.958029 #54179]  INFO -- : 0:  audite (0.3.0) from /usr/local/var/rbenv/versions/2.1.0/lib/ruby/gems/2.1.0/specifications/audite-0.3.0.gemspec
I, [2014-01-22T00:00:12.958298 #54179]  INFO -- : 0:  mime-types (1.25.1) from /usr/local/var/rbenv/versions/2.1.0/lib/ruby/gems/2.1.0/specifications/mime-types-1.25.1.gemspec
I, [2014-01-22T00:00:12.958568 #54179]  INFO -- : 0:  mini_portile (0.5.2) from /usr/local/var/rbenv/versions/2.1.0/lib/ruby/gems/2.1.0/specifications/mini_portile-0.5.2.gemspec
I, [2014-01-22T00:00:12.958835 #54179]  INFO -- : 0:  nokogiri (1.6.0) from /usr/local/var/rbenv/versions/2.1.0/lib/ruby/gems/2.1.0/specifications/nokogiri-1.6.0.gemspec
I, [2014-01-22T00:00:12.959099 #54179]  INFO -- : 0:  rack (1.5.2) from /usr/local/var/rbenv/versions/2.1.0/lib/ruby/gems/2.1.0/specifications/rack-1.5.2.gemspec
I, [2014-01-22T00:00:12.959368 #54179]  INFO -- : 0:  rack-test (0.6.2) from /usr/local/var/rbenv/versions/2.1.0/lib/ruby/gems/2.1.0/specifications/rack-test-0.6.2.gemspec
I, [2014-01-22T00:00:12.959631 #54179]  INFO -- : 0:  xpath (2.0.0) from /usr/local/var/rbenv/versions/2.1.0/lib/ruby/gems/2.1.0/specifications/xpath-2.0.0.gemspec
I, [2014-01-22T00:00:12.959903 #54179]  INFO -- : 0:  capybara (2.2.1) from /usr/local/var/rbenv/versions/2.1.0/lib/ruby/gems/2.1.0/specifications/capybara-2.2.1.gemspec
I, [2014-01-22T00:00:12.960170 #54179]  INFO -- : 0:  cliver (0.3.2) from /usr/local/var/rbenv/versions/2.1.0/lib/ruby/gems/2.1.0/specifications/cliver-0.3.2.gemspec
I, [2014-01-22T00:00:12.960433 #54179]  INFO -- : 0:  coderay (1.0.9) from /usr/local/var/rbenv/versions/2.1.0/lib/ruby/gems/2.1.0/specifications/coderay-1.0.9.gemspec
I, [2014-01-22T00:00:18.084527 #54179]  INFO -- : 0:  unf_ext (0.0.6) from /usr/local/var/rbenv/versions/2.1.0/lib/ruby/gems/2.1.0/specifications/unf_ext-0.0.6.gemspec
I, [2014-01-22T00:00:21.797295 #54179]  INFO -- : 0:  unf (0.1.3) from /usr/local/var/rbenv/versions/2.1.0/lib/ruby/gems/2.1.0/specifications/unf-0.1.3.gemspec
I, [2014-01-22T00:00:26.009340 #54179]  INFO -- : 0:  domain_name (0.5.15) from /usr/local/var/rbenv/versions/2.1.0/lib/ruby/gems/2.1.0/specifications/domain_name-0.5.15.gemspec
I, [2014-01-22T00:00:29.542179 #54179]  INFO -- : 0:  http-cookie (1.0.2) from /usr/local/var/rbenv/versions/2.1.0/lib/ruby/gems/2.1.0/specifications/http-cookie-1.0.2.gemspec
I, [2014-01-22T00:00:31.831724 #54179]  INFO -- : 0:  net-http-digest_auth (1.4) from /usr/local/var/rbenv/versions/2.1.0/lib/ruby/gems/2.1.0/specifications/net-http-digest_auth-1.4.gemspec
I, [2014-01-22T00:00:34.315538 #54179]  INFO -- : 0:  net-http-persistent (2.9) from /usr/local/var/rbenv/versions/2.1.0/lib/ruby/gems/2.1.0/specifications/net-http-persistent-2.9.gemspec
I, [2014-01-22T00:00:36.182444 #54179]  INFO -- : 0:  ntlm-http (0.1.1) from /usr/local/var/rbenv/versions/2.1.0/lib/ruby/gems/2.1.0/specifications/ntlm-http-0.1.1.gemspec
I, [2014-01-22T00:00:38.705679 #54179]  INFO -- : 0:  webrobots (0.1.1) from /usr/local/var/rbenv/versions/2.1.0/lib/ruby/gems/2.1.0/specifications/webrobots-0.1.1.gemspec
I, [2014-01-22T00:00:43.397604 #54179]  INFO -- : 0:  mechanize (2.7.2) from /usr/local/var/rbenv/versions/2.1.0/lib/ruby/gems/2.1.0/specifications/mechanize-2.7.2.gemspec
I, [2014-01-22T00:00:43.398004 #54179]  INFO -- : 0:  method_source (0.8.2) from /usr/local/var/rbenv/versions/2.1.0/lib/ruby/gems/2.1.0/specifications/method_source-0.8.2.gemspec
I, [2014-01-22T00:00:43.398283 #54179]  INFO -- : 0:  websocket-driver (0.3.2) from /usr/local/var/rbenv/versions/2.1.0/lib/ruby/gems/2.1.0/specifications/websocket-driver-0.3.2.gemspec
I, [2014-01-22T00:00:43.398556 #54179]  INFO -- : 0:  poltergeist (1.5.0) from /usr/local/var/rbenv/versions/2.1.0/lib/ruby/gems/2.1.0/specifications/poltergeist-1.5.0.gemspec
I, [2014-01-22T00:00:43.398818 #54179]  INFO -- : 0:  slop (3.4.6) from /usr/local/var/rbenv/versions/2.1.0/lib/ruby/gems/2.1.0/specifications/slop-3.4.6.gemspec
I, [2014-01-22T00:00:43.399143 #54179]  INFO -- : 0:  pry (0.9.12.2) from /usr/local/var/rbenv/versions/2.1.0/lib/ruby/gems/2.1.0/specifications/pry-0.9.12.2.gemspec
I, [2014-01-22T00:00:43.399442 #54179]  INFO -- : 0:  bundler (1.5.1) from /usr/local/var/rbenv/versions/2.1.0/lib/ruby/gems/2.1.0/specifications/bundler-1.5.1.gemspec
I, [2014-01-22T00:08:18.440530 #55874]  INFO -- : 0:  i18n (0.6.9) from /usr/local/var/rbenv/versions/2.1.0/lib/ruby/gems/2.1.0/specifications/i18n-0.6.9.gemspec
I, [2014-01-22T00:08:18.440919 #55874]  INFO -- : 0:  minitest (4.7.5) from /usr/local/var/rbenv/versions/2.1.0/lib/ruby/gems/2.1.0/specifications/default/minitest-4.7.5.gemspec
I, [2014-01-22T00:08:18.441250 #55874]  INFO -- : 0:  multi_json (1.8.2) from /usr/local/var/rbenv/versions/2.1.0/lib/ruby/gems/2.1.0/specifications/multi_json-1.8.2.gemspec
I, [2014-01-22T00:08:18.441558 #55874]  INFO -- : 0:  atomic (1.1.14) from /usr/local/var/rbenv/versions/2.1.0/lib/ruby/gems/2.1.0/specifications/atomic-1.1.14.gemspec
I, [2014-01-22T00:08:18.441848 #55874]  INFO -- : 0:  thread_safe (0.1.3) from /usr/local/var/rbenv/versions/2.1.0/lib/ruby/gems/2.1.0/specifications/thread_safe-0.1.3.gemspec
I, [2014-01-22T00:08:18.442153 #55874]  INFO -- : 0:  tzinfo (0.3.38) from /usr/local/var/rbenv/versions/2.1.0/lib/ruby/gems/2.1.0/specifications/tzinfo-0.3.38.gemspec
I, [2014-01-22T00:08:18.442506 #55874]  INFO -- : 0:  activesupport (4.0.2) from /usr/local/var/rbenv/versions/2.1.0/lib/ruby/gems/2.1.0/specifications/activesupport-4.0.2.gemspec
I, [2014-01-22T00:08:18.442813 #55874]  INFO -- : 0:  audite (0.3.0) from /usr/local/var/rbenv/versions/2.1.0/lib/ruby/gems/2.1.0/specifications/audite-0.3.0.gemspec
I, [2014-01-22T00:08:18.443092 #55874]  INFO -- : 0:  mime-types (1.25.1) from /usr/local/var/rbenv/versions/2.1.0/lib/ruby/gems/2.1.0/specifications/mime-types-1.25.1.gemspec
I, [2014-01-22T00:08:18.443387 #55874]  INFO -- : 0:  mini_portile (0.5.2) from /usr/local/var/rbenv/versions/2.1.0/lib/ruby/gems/2.1.0/specifications/mini_portile-0.5.2.gemspec
I, [2014-01-22T00:08:18.443659 #55874]  INFO -- : 0:  nokogiri (1.6.0) from /usr/local/var/rbenv/versions/2.1.0/lib/ruby/gems/2.1.0/specifications/nokogiri-1.6.0.gemspec
I, [2014-01-22T00:08:18.443930 #55874]  INFO -- : 0:  rack (1.5.2) from /usr/local/var/rbenv/versions/2.1.0/lib/ruby/gems/2.1.0/specifications/rack-1.5.2.gemspec
I, [2014-01-22T00:08:18.444191 #55874]  INFO -- : 0:  rack-test (0.6.2) from /usr/local/var/rbenv/versions/2.1.0/lib/ruby/gems/2.1.0/specifications/rack-test-0.6.2.gemspec
I, [2014-01-22T00:08:18.444472 #55874]  INFO -- : 0:  xpath (2.0.0) from /usr/local/var/rbenv/versions/2.1.0/lib/ruby/gems/2.1.0/specifications/xpath-2.0.0.gemspec
I, [2014-01-22T00:08:18.444750 #55874]  INFO -- : 0:  capybara (2.2.1) from /usr/local/var/rbenv/versions/2.1.0/lib/ruby/gems/2.1.0/specifications/capybara-2.2.1.gemspec
I, [2014-01-22T00:08:18.445012 #55874]  INFO -- : 0:  cliver (0.3.2) from /usr/local/var/rbenv/versions/2.1.0/lib/ruby/gems/2.1.0/specifications/cliver-0.3.2.gemspec
I, [2014-01-22T00:08:18.445279 #55874]  INFO -- : 0:  coderay (1.0.9) from /usr/local/var/rbenv/versions/2.1.0/lib/ruby/gems/2.1.0/specifications/coderay-1.0.9.gemspec
I, [2014-01-22T00:08:18.445551 #55874]  INFO -- : 0:  method_source (0.8.2) from /usr/local/var/rbenv/versions/2.1.0/lib/ruby/gems/2.1.0/specifications/method_source-0.8.2.gemspec
I, [2014-01-22T00:08:18.445840 #55874]  INFO -- : 0:  websocket-driver (0.3.2) from /usr/local/var/rbenv/versions/2.1.0/lib/ruby/gems/2.1.0/specifications/websocket-driver-0.3.2.gemspec
I, [2014-01-22T00:08:18.446112 #55874]  INFO -- : 0:  poltergeist (1.5.0) from /usr/local/var/rbenv/versions/2.1.0/lib/ruby/gems/2.1.0/specifications/poltergeist-1.5.0.gemspec
I, [2014-01-22T00:08:18.446390 #55874]  INFO -- : 0:  slop (3.4.6) from /usr/local/var/rbenv/versions/2.1.0/lib/ruby/gems/2.1.0/specifications/slop-3.4.6.gemspec
I, [2014-01-22T00:08:18.446661 #55874]  INFO -- : 0:  pry (0.9.12.2) from /usr/local/var/rbenv/versions/2.1.0/lib/ruby/gems/2.1.0/specifications/pry-0.9.12.2.gemspec
I, [2014-01-22T00:08:18.446898 #55874]  INFO -- : 0:  bundler (1.5.1) from /usr/local/var/rbenv/versions/2.1.0/lib/ruby/gems/2.1.0/specifications/bundler-1.5.1.gemspec
I, [2014-01-22T00:12:49.144885 #56745]  INFO -- : 0:  i18n (0.6.9) from /usr/local/var/rbenv/versions/2.1.0/lib/ruby/gems/2.1.0/specifications/i18n-0.6.9.gemspec
I, [2014-01-22T00:12:49.145305 #56745]  INFO -- : 0:  minitest (4.7.5) from /usr/local/var/rbenv/versions/2.1.0/lib/ruby/gems/2.1.0/specifications/default/minitest-4.7.5.gemspec
I, [2014-01-22T00:12:49.145617 #56745]  INFO -- : 0:  multi_json (1.8.2) from /usr/local/var/rbenv/versions/2.1.0/lib/ruby/gems/2.1.0/specifications/multi_json-1.8.2.gemspec
I, [2014-01-22T00:12:49.145880 #56745]  INFO -- : 0:  atomic (1.1.14) from /usr/local/var/rbenv/versions/2.1.0/lib/ruby/gems/2.1.0/specifications/atomic-1.1.14.gemspec
I, [2014-01-22T00:12:49.146168 #56745]  INFO -- : 0:  thread_safe (0.1.3) from /usr/local/var/rbenv/versions/2.1.0/lib/ruby/gems/2.1.0/specifications/thread_safe-0.1.3.gemspec
I, [2014-01-22T00:12:49.146444 #56745]  INFO -- : 0:  tzinfo (0.3.38) from /usr/local/var/rbenv/versions/2.1.0/lib/ruby/gems/2.1.0/specifications/tzinfo-0.3.38.gemspec
I, [2014-01-22T00:12:49.146741 #56745]  INFO -- : 0:  activesupport (4.0.2) from /usr/local/var/rbenv/versions/2.1.0/lib/ruby/gems/2.1.0/specifications/activesupport-4.0.2.gemspec
I, [2014-01-22T00:12:49.147017 #56745]  INFO -- : 0:  audite (0.3.0) from /usr/local/var/rbenv/versions/2.1.0/lib/ruby/gems/2.1.0/specifications/audite-0.3.0.gemspec
I, [2014-01-22T00:12:49.147282 #56745]  INFO -- : 0:  mime-types (1.25.1) from /usr/local/var/rbenv/versions/2.1.0/lib/ruby/gems/2.1.0/specifications/mime-types-1.25.1.gemspec
I, [2014-01-22T00:12:49.147546 #56745]  INFO -- : 0:  mini_portile (0.5.2) from /usr/local/var/rbenv/versions/2.1.0/lib/ruby/gems/2.1.0/specifications/mini_portile-0.5.2.gemspec
I, [2014-01-22T00:12:49.147830 #56745]  INFO -- : 0:  nokogiri (1.6.0) from /usr/local/var/rbenv/versions/2.1.0/lib/ruby/gems/2.1.0/specifications/nokogiri-1.6.0.gemspec
I, [2014-01-22T00:12:49.148087 #56745]  INFO -- : 0:  rack (1.5.2) from /usr/local/var/rbenv/versions/2.1.0/lib/ruby/gems/2.1.0/specifications/rack-1.5.2.gemspec
I, [2014-01-22T00:12:49.148349 #56745]  INFO -- : 0:  rack-test (0.6.2) from /usr/local/var/rbenv/versions/2.1.0/lib/ruby/gems/2.1.0/specifications/rack-test-0.6.2.gemspec
I, [2014-01-22T00:12:49.148594 #56745]  INFO -- : 0:  xpath (2.0.0) from /usr/local/var/rbenv/versions/2.1.0/lib/ruby/gems/2.1.0/specifications/xpath-2.0.0.gemspec
I, [2014-01-22T00:12:49.148859 #56745]  INFO -- : 0:  capybara (2.2.1) from /usr/local/var/rbenv/versions/2.1.0/lib/ruby/gems/2.1.0/specifications/capybara-2.2.1.gemspec
I, [2014-01-22T00:12:49.149120 #56745]  INFO -- : 0:  cliver (0.3.2) from /usr/local/var/rbenv/versions/2.1.0/lib/ruby/gems/2.1.0/specifications/cliver-0.3.2.gemspec
I, [2014-01-22T00:12:49.149380 #56745]  INFO -- : 0:  coderay (1.0.9) from /usr/local/var/rbenv/versions/2.1.0/lib/ruby/gems/2.1.0/specifications/coderay-1.0.9.gemspec
I, [2014-01-22T00:13:13.057922 #56745]  INFO -- : 0:  curb (0.8.5) from /usr/local/var/rbenv/versions/2.1.0/lib/ruby/gems/2.1.0/specifications/curb-0.8.5.gemspec
I, [2014-01-22T00:13:13.058453 #56745]  INFO -- : 0:  method_source (0.8.2) from /usr/local/var/rbenv/versions/2.1.0/lib/ruby/gems/2.1.0/specifications/method_source-0.8.2.gemspec
I, [2014-01-22T00:13:13.058755 #56745]  INFO -- : 0:  websocket-driver (0.3.2) from /usr/local/var/rbenv/versions/2.1.0/lib/ruby/gems/2.1.0/specifications/websocket-driver-0.3.2.gemspec
I, [2014-01-22T00:13:13.059081 #56745]  INFO -- : 0:  poltergeist (1.5.0) from /usr/local/var/rbenv/versions/2.1.0/lib/ruby/gems/2.1.0/specifications/poltergeist-1.5.0.gemspec
I, [2014-01-22T00:13:13.059410 #56745]  INFO -- : 0:  slop (3.4.6) from /usr/local/var/rbenv/versions/2.1.0/lib/ruby/gems/2.1.0/specifications/slop-3.4.6.gemspec
I, [2014-01-22T00:13:13.059719 #56745]  INFO -- : 0:  pry (0.9.12.2) from /usr/local/var/rbenv/versions/2.1.0/lib/ruby/gems/2.1.0/specifications/pry-0.9.12.2.gemspec
I, [2014-01-22T00:13:13.060001 #56745]  INFO -- : 0:  bundler (1.5.1) from /usr/local/var/rbenv/versions/2.1.0/lib/ruby/gems/2.1.0/specifications/bundler-1.5.1.gemspec
I, [2014-01-22T00:29:05.262515 #60553]  INFO -- : 0:  i18n (0.6.9) from /usr/local/var/rbenv/versions/2.1.0/lib/ruby/gems/2.1.0/specifications/i18n-0.6.9.gemspec
I, [2014-01-22T00:29:05.262910 #60553]  INFO -- : 0:  minitest (4.7.5) from /usr/local/var/rbenv/versions/2.1.0/lib/ruby/gems/2.1.0/specifications/default/minitest-4.7.5.gemspec
I, [2014-01-22T00:29:05.263238 #60553]  INFO -- : 0:  multi_json (1.8.2) from /usr/local/var/rbenv/versions/2.1.0/lib/ruby/gems/2.1.0/specifications/multi_json-1.8.2.gemspec
I, [2014-01-22T00:29:05.263538 #60553]  INFO -- : 0:  atomic (1.1.14) from /usr/local/var/rbenv/versions/2.1.0/lib/ruby/gems/2.1.0/specifications/atomic-1.1.14.gemspec
I, [2014-01-22T00:29:05.263814 #60553]  INFO -- : 0:  thread_safe (0.1.3) from /usr/local/var/rbenv/versions/2.1.0/lib/ruby/gems/2.1.0/specifications/thread_safe-0.1.3.gemspec
I, [2014-01-22T00:29:05.264122 #60553]  INFO -- : 0:  tzinfo (0.3.38) from /usr/local/var/rbenv/versions/2.1.0/lib/ruby/gems/2.1.0/specifications/tzinfo-0.3.38.gemspec
I, [2014-01-22T00:29:05.264406 #60553]  INFO -- : 0:  activesupport (4.0.2) from /usr/local/var/rbenv/versions/2.1.0/lib/ruby/gems/2.1.0/specifications/activesupport-4.0.2.gemspec
I, [2014-01-22T00:29:05.264683 #60553]  INFO -- : 0:  audite (0.3.0) from /usr/local/var/rbenv/versions/2.1.0/lib/ruby/gems/2.1.0/specifications/audite-0.3.0.gemspec
I, [2014-01-22T00:29:05.264955 #60553]  INFO -- : 0:  mime-types (1.25.1) from /usr/local/var/rbenv/versions/2.1.0/lib/ruby/gems/2.1.0/specifications/mime-types-1.25.1.gemspec
I, [2014-01-22T00:29:05.265231 #60553]  INFO -- : 0:  mini_portile (0.5.2) from /usr/local/var/rbenv/versions/2.1.0/lib/ruby/gems/2.1.0/specifications/mini_portile-0.5.2.gemspec
I, [2014-01-22T00:29:05.265532 #60553]  INFO -- : 0:  nokogiri (1.6.0) from /usr/local/var/rbenv/versions/2.1.0/lib/ruby/gems/2.1.0/specifications/nokogiri-1.6.0.gemspec
I, [2014-01-22T00:29:05.265803 #60553]  INFO -- : 0:  rack (1.5.2) from /usr/local/var/rbenv/versions/2.1.0/lib/ruby/gems/2.1.0/specifications/rack-1.5.2.gemspec
I, [2014-01-22T00:29:05.266077 #60553]  INFO -- : 0:  rack-test (0.6.2) from /usr/local/var/rbenv/versions/2.1.0/lib/ruby/gems/2.1.0/specifications/rack-test-0.6.2.gemspec
I, [2014-01-22T00:29:05.266371 #60553]  INFO -- : 0:  xpath (2.0.0) from /usr/local/var/rbenv/versions/2.1.0/lib/ruby/gems/2.1.0/specifications/xpath-2.0.0.gemspec
I, [2014-01-22T00:29:05.266648 #60553]  INFO -- : 0:  capybara (2.2.1) from /usr/local/var/rbenv/versions/2.1.0/lib/ruby/gems/2.1.0/specifications/capybara-2.2.1.gemspec
I, [2014-01-22T00:29:05.266933 #60553]  INFO -- : 0:  cliver (0.3.2) from /usr/local/var/rbenv/versions/2.1.0/lib/ruby/gems/2.1.0/specifications/cliver-0.3.2.gemspec
I, [2014-01-22T00:29:05.267198 #60553]  INFO -- : 0:  coderay (1.0.9) from /usr/local/var/rbenv/versions/2.1.0/lib/ruby/gems/2.1.0/specifications/coderay-1.0.9.gemspec
I, [2014-01-22T00:29:05.267461 #60553]  INFO -- : 0:  method_source (0.8.2) from /usr/local/var/rbenv/versions/2.1.0/lib/ruby/gems/2.1.0/specifications/method_source-0.8.2.gemspec
I, [2014-01-22T00:29:05.267803 #60553]  INFO -- : 0:  websocket-driver (0.3.2) from /usr/local/var/rbenv/versions/2.1.0/lib/ruby/gems/2.1.0/specifications/websocket-driver-0.3.2.gemspec
I, [2014-01-22T00:29:05.268080 #60553]  INFO -- : 0:  poltergeist (1.5.0) from /usr/local/var/rbenv/versions/2.1.0/lib/ruby/gems/2.1.0/specifications/poltergeist-1.5.0.gemspec
I, [2014-01-22T00:29:05.268358 #60553]  INFO -- : 0:  slop (3.4.6) from /usr/local/var/rbenv/versions/2.1.0/lib/ruby/gems/2.1.0/specifications/slop-3.4.6.gemspec
I, [2014-01-22T00:29:05.268624 #60553]  INFO -- : 0:  pry (0.9.12.2) from /usr/local/var/rbenv/versions/2.1.0/lib/ruby/gems/2.1.0/specifications/pry-0.9.12.2.gemspec
I, [2014-01-22T00:29:05.268876 #60553]  INFO -- : 0:  bundler (1.5.1) from /usr/local/var/rbenv/versions/2.1.0/lib/ruby/gems/2.1.0/specifications/bundler-1.5.1.gemspec
